<?xml version="1.0" encoding="UTF-8"?>
<!-- Generated by org.testng.reporters.JUnitReportReporter -->
<testsuite hostname="DESKTOP-2C69AUC" failures="0" tests="1" name="basic.OrganizationsTest" time="9.310" errors="0" timestamp="2024-03-15T12:52:17 IST" skipped="0">
  <testcase classname="basic.OrganizationsTest" name="CreateOrganizationTest" time="9.310"/>
  <system-out/>
</testsuite> <!-- basic.OrganizationsTest -->
